<?xml version="1.0" encoding="UTF-8"?>
<testsuite name="test.BasicGUITest" tests="1" skipped="0" failures="0" errors="0" timestamp="2020-09-23T09:38:01" hostname="DESKTOP-NUV5C8J" time="1.899">
  <properties/>
  <testcase name="testLoginConfirmedUser" classname="test.BasicGUITest" time="1.899"/>
  <system-out><![CDATA[]]></system-out>
  <system-err><![CDATA[Starting ChromeDriver 84.0.4147.30 (48b3e868b4cc0aa7e8149519690b6f6949e110a8-refs/branch-heads/4147@{#310}) on port 38322
Only local connections are allowed.
Please see https://chromedriver.chromium.org/security-considerations for suggestions on keeping ChromeDriver safe.
ChromeDriver was started successfully.
[1600853877.044][WARNING]: This version of ChromeDriver has not been tested with Chrome version 85.
Sep 23, 2020 11:37:59 AM org.openqa.selenium.remote.ProtocolHandshake createSession
INFO: Detected dialect: W3C
]]></system-err>
</testsuite>
